<?xml version="1.0" encoding="UTF-8"?>
<!-- Generated by org.testng.reporters.JUnitReportReporter -->
<testsuite hostname="DESKTOP-L4GKVT9" failures="0" tests="3" name="TestPackage.E2ETest" time="10.712" errors="0" timestamp="2024-02-06T02:27:23 EET" skipped="0">
  <testcase classname="TestPackage.E2ETest" name="ProceedOnPrivacyPolicyPage" time="1.643"/>
  <system-out/>
  <testcase classname="TestPackage.E2ETest" name="ChangingSetting" time="4.848"/>
  <system-out/>
  <testcase classname="TestPackage.E2ETest" name="ValidateMainScreen" time="4.221"/>
  <system-out/>
</testsuite> <!-- TestPackage.E2ETest -->
